[2024-03-02 12:05:58] local.ERROR: Please provide a valid cache path. {"exception":"[object] (InvalidArgumentException(code: 0): Please provide a valid cache path. at C:\\OSPanel\\domains\\Ishak\\vendor\\laravel\\framework\\src\\Illuminate\\View\\Compilers\\Compiler.php:67)
[stacktrace]
#0 C:\\OSPanel\\domains\\Ishak\\vendor\\laravel\\framework\\src\\Illuminate\\View\\ViewServiceProvider.php(101): Illuminate\\View\\Compilers\\Compiler->__construct()
#1 C:\\OSPanel\\domains\\Ishak\\vendor\\laravel\\framework\\src\\Illuminate\\Container\\Container.php(908): Illuminate\\View\\ViewServiceProvider->Illuminate\\View\\{closure}()
#2 C:\\OSPanel\\domains\\Ishak\\vendor\\laravel\\framework\\src\\Illuminate\\Container\\Container.php(795): Illuminate\\Container\\Container->build()
#3 C:\\OSPanel\\domains\\Ishak\\vendor\\laravel\\framework\\src\\Illuminate\\Foundation\\Application.php(957): Illuminate\\Container\\Container->resolve()
#4 C:\\OSPanel\\domains\\Ishak\\vendor\\laravel\\framework\\src\\Illuminate\\Container\\Container.php(731): Illuminate\\Foundation\\Application->resolve()
#5 C:\\OSPanel\\domains\\Ishak\\vendor\\laravel\\framework\\src\\Illuminate\\Foundation\\Application.php(942): Illuminate\\Container\\Container->make()
#6 C:\\OSPanel\\domains\\Ishak\\vendor\\laravel\\framework\\src\\Illuminate\\Container\\Container.php(1454): Illuminate\\Foundation\\Application->make()
#7 C:\\OSPanel\\domains\\Ishak\\vendor\\laravel\\framework\\src\\Illuminate\\Support\\Facades\\Facade.php(237): Illuminate\\Container\\Container->offsetGet()
#8 C:\\OSPanel\\domains\\Ishak\\vendor\\laravel\\framework\\src\\Illuminate\\Support\\Facades\\Facade.php(208): Illuminate\\Support\\Facades\\Facade::resolveFacadeInstance()
#9 C:\\OSPanel\\domains\\Ishak\\vendor\\laravel\\framework\\src\\Illuminate\\Support\\Facades\\Facade.php(349): Illuminate\\Support\\Facades\\Facade::getFacadeRoot()
#10 C:\\OSPanel\\domains\\Ishak\\vendor\\protonemedia\\laravel-splade\\src\\Http\\BladeDirectives.php(18): Illuminate\\Support\\Facades\\Facade::__callStatic()
#11 C:\\OSPanel\\domains\\Ishak\\vendor\\protonemedia\\laravel-splade\\src\\ServiceProvider.php(239): ProtoneMedia\\Splade\\Http\\BladeDirectives->registerHandlers()
#12 C:\\OSPanel\\domains\\Ishak\\vendor\\protonemedia\\laravel-splade\\src\\ServiceProvider.php(101): ProtoneMedia\\Splade\\ServiceProvider->registerBladeComponentsAndDirectives()
#13 C:\\OSPanel\\domains\\Ishak\\vendor\\laravel\\framework\\src\\Illuminate\\Container\\BoundMethod.php(36): ProtoneMedia\\Splade\\ServiceProvider->boot()
#14 C:\\OSPanel\\domains\\Ishak\\vendor\\laravel\\framework\\src\\Illuminate\\Container\\Util.php(41): Illuminate\\Container\\BoundMethod::Illuminate\\Container\\{closure}()
#15 C:\\OSPanel\\domains\\Ishak\\vendor\\laravel\\framework\\src\\Illuminate\\Container\\BoundMethod.php(93): Illuminate\\Container\\Util::unwrapIfClosure()
#16 C:\\OSPanel\\domains\\Ishak\\vendor\\laravel\\framework\\src\\Illuminate\\Container\\BoundMethod.php(37): Illuminate\\Container\\BoundMethod::callBoundMethod()
#17 C:\\OSPanel\\domains\\Ishak\\vendor\\laravel\\framework\\src\\Illuminate\\Container\\Container.php(662): Illuminate\\Container\\BoundMethod::call()
#18 C:\\OSPanel\\domains\\Ishak\\vendor\\laravel\\framework\\src\\Illuminate\\Foundation\\Application.php(1030): Illuminate\\Container\\Container->call()
#19 C:\\OSPanel\\domains\\Ishak\\vendor\\laravel\\framework\\src\\Illuminate\\Foundation\\Application.php(1011): Illuminate\\Foundation\\Application->bootProvider()
#20 [internal function]: Illuminate\\Foundation\\Application->Illuminate\\Foundation\\{closure}()
#21 C:\\OSPanel\\domains\\Ishak\\vendor\\laravel\\framework\\src\\Illuminate\\Foundation\\Application.php(1012): array_walk()
#22 C:\\OSPanel\\domains\\Ishak\\vendor\\laravel\\framework\\src\\Illuminate\\Foundation\\Bootstrap\\BootProviders.php(17): Illuminate\\Foundation\\Application->boot()
#23 C:\\OSPanel\\domains\\Ishak\\vendor\\laravel\\framework\\src\\Illuminate\\Foundation\\Application.php(263): Illuminate\\Foundation\\Bootstrap\\BootProviders->bootstrap()
#24 C:\\OSPanel\\domains\\Ishak\\vendor\\laravel\\framework\\src\\Illuminate\\Foundation\\Http\\Kernel.php(186): Illuminate\\Foundation\\Application->bootstrapWith()
#25 C:\\OSPanel\\domains\\Ishak\\vendor\\laravel\\framework\\src\\Illuminate\\Foundation\\Http\\Kernel.php(170): Illuminate\\Foundation\\Http\\Kernel->bootstrap()
#26 C:\\OSPanel\\domains\\Ishak\\vendor\\laravel\\framework\\src\\Illuminate\\Foundation\\Http\\Kernel.php(144): Illuminate\\Foundation\\Http\\Kernel->sendRequestThroughRouter()
#27 C:\\OSPanel\\domains\\Ishak\\public\\index.php(52): Illuminate\\Foundation\\Http\\Kernel->handle()
#28 C:\\OSPanel\\domains\\Ishak\\vendor\\laravel\\framework\\src\\Illuminate\\Foundation\\resources\\server.php(16): require_once('C:\\\\OSPanel\\\\doma...')
#29 {main}
"} 
[2024-03-02 12:05:58] local.ERROR: Please provide a valid cache path. {"exception":"[object] (InvalidArgumentException(code: 0): Please provide a valid cache path. at C:\\OSPanel\\domains\\Ishak\\vendor\\laravel\\framework\\src\\Illuminate\\View\\Compilers\\Compiler.php:67)
[stacktrace]
#0 C:\\OSPanel\\domains\\Ishak\\vendor\\laravel\\framework\\src\\Illuminate\\View\\ViewServiceProvider.php(101): Illuminate\\View\\Compilers\\Compiler->__construct()
#1 C:\\OSPanel\\domains\\Ishak\\vendor\\laravel\\framework\\src\\Illuminate\\Container\\Container.php(908): Illuminate\\View\\ViewServiceProvider->Illuminate\\View\\{closure}()
#2 C:\\OSPanel\\domains\\Ishak\\vendor\\laravel\\framework\\src\\Illuminate\\Container\\Container.php(795): Illuminate\\Container\\Container->build()
#3 C:\\OSPanel\\domains\\Ishak\\vendor\\laravel\\framework\\src\\Illuminate\\Foundation\\Application.php(957): Illuminate\\Container\\Container->resolve()
#4 C:\\OSPanel\\domains\\Ishak\\vendor\\laravel\\framework\\src\\Illuminate\\Container\\Container.php(731): Illuminate\\Foundation\\Application->resolve()
#5 C:\\OSPanel\\domains\\Ishak\\vendor\\laravel\\framework\\src\\Illuminate\\Foundation\\Application.php(942): Illuminate\\Container\\Container->make()
#6 C:\\OSPanel\\domains\\Ishak\\vendor\\laravel\\framework\\src\\Illuminate\\Container\\Container.php(1454): Illuminate\\Foundation\\Application->make()
#7 C:\\OSPanel\\domains\\Ishak\\vendor\\laravel\\framework\\src\\Illuminate\\Support\\Facades\\Facade.php(237): Illuminate\\Container\\Container->offsetGet()
#8 C:\\OSPanel\\domains\\Ishak\\vendor\\laravel\\framework\\src\\Illuminate\\Support\\Facades\\Facade.php(208): Illuminate\\Support\\Facades\\Facade::resolveFacadeInstance()
#9 C:\\OSPanel\\domains\\Ishak\\vendor\\laravel\\framework\\src\\Illuminate\\Support\\Facades\\Facade.php(349): Illuminate\\Support\\Facades\\Facade::getFacadeRoot()
#10 C:\\OSPanel\\domains\\Ishak\\vendor\\protonemedia\\laravel-splade\\src\\Http\\BladeDirectives.php(18): Illuminate\\Support\\Facades\\Facade::__callStatic()
#11 C:\\OSPanel\\domains\\Ishak\\vendor\\protonemedia\\laravel-splade\\src\\ServiceProvider.php(239): ProtoneMedia\\Splade\\Http\\BladeDirectives->registerHandlers()
#12 C:\\OSPanel\\domains\\Ishak\\vendor\\protonemedia\\laravel-splade\\src\\ServiceProvider.php(101): ProtoneMedia\\Splade\\ServiceProvider->registerBladeComponentsAndDirectives()
#13 C:\\OSPanel\\domains\\Ishak\\vendor\\laravel\\framework\\src\\Illuminate\\Container\\BoundMethod.php(36): ProtoneMedia\\Splade\\ServiceProvider->boot()
#14 C:\\OSPanel\\domains\\Ishak\\vendor\\laravel\\framework\\src\\Illuminate\\Container\\Util.php(41): Illuminate\\Container\\BoundMethod::Illuminate\\Container\\{closure}()
#15 C:\\OSPanel\\domains\\Ishak\\vendor\\laravel\\framework\\src\\Illuminate\\Container\\BoundMethod.php(93): Illuminate\\Container\\Util::unwrapIfClosure()
#16 C:\\OSPanel\\domains\\Ishak\\vendor\\laravel\\framework\\src\\Illuminate\\Container\\BoundMethod.php(37): Illuminate\\Container\\BoundMethod::callBoundMethod()
#17 C:\\OSPanel\\domains\\Ishak\\vendor\\laravel\\framework\\src\\Illuminate\\Container\\Container.php(662): Illuminate\\Container\\BoundMethod::call()
#18 C:\\OSPanel\\domains\\Ishak\\vendor\\laravel\\framework\\src\\Illuminate\\Foundation\\Application.php(1030): Illuminate\\Container\\Container->call()
#19 C:\\OSPanel\\domains\\Ishak\\vendor\\laravel\\framework\\src\\Illuminate\\Foundation\\Application.php(1011): Illuminate\\Foundation\\Application->bootProvider()
#20 [internal function]: Illuminate\\Foundation\\Application->Illuminate\\Foundation\\{closure}()
#21 C:\\OSPanel\\domains\\Ishak\\vendor\\laravel\\framework\\src\\Illuminate\\Foundation\\Application.php(1012): array_walk()
#22 C:\\OSPanel\\domains\\Ishak\\vendor\\laravel\\framework\\src\\Illuminate\\Foundation\\Bootstrap\\BootProviders.php(17): Illuminate\\Foundation\\Application->boot()
#23 C:\\OSPanel\\domains\\Ishak\\vendor\\laravel\\framework\\src\\Illuminate\\Foundation\\Application.php(263): Illuminate\\Foundation\\Bootstrap\\BootProviders->bootstrap()
#24 C:\\OSPanel\\domains\\Ishak\\vendor\\laravel\\framework\\src\\Illuminate\\Foundation\\Http\\Kernel.php(186): Illuminate\\Foundation\\Application->bootstrapWith()
#25 C:\\OSPanel\\domains\\Ishak\\vendor\\laravel\\framework\\src\\Illuminate\\Foundation\\Http\\Kernel.php(170): Illuminate\\Foundation\\Http\\Kernel->bootstrap()
#26 C:\\OSPanel\\domains\\Ishak\\vendor\\laravel\\framework\\src\\Illuminate\\Foundation\\Http\\Kernel.php(144): Illuminate\\Foundation\\Http\\Kernel->sendRequestThroughRouter()
#27 C:\\OSPanel\\domains\\Ishak\\public\\index.php(52): Illuminate\\Foundation\\Http\\Kernel->handle()
#28 C:\\OSPanel\\domains\\Ishak\\vendor\\laravel\\framework\\src\\Illuminate\\Foundation\\resources\\server.php(16): require_once('C:\\\\OSPanel\\\\doma...')
#29 {main}
"} 
